# JRE version: Java(TM) SE Runtime Environment (8.0_231-b11) (build 1.8.0_231-b11)
# Java VM: Java HotSpot(TM) 64-Bit Server VM (25.231-b11 mixed mode windows-amd64 compressed oops)
Heap:
 PSYoungGen      total 520704K, used 1392K [0x00000000d5e00000, 0x00000000fc500000, 0x0000000100000000)
  eden space 519168K, 0% used [0x00000000d5e00000,0x00000000d5e00000,0x00000000f5900000)
  from space 1536K, 90% used [0x00000000fc380000,0x00000000fc4dc130,0x00000000fc500000)
  to   space 13312K, 0% used [0x00000000fab00000,0x00000000fab00000,0x00000000fb800000)
 ParOldGen       total 94208K, used 33192K [0x0000000081a00000, 0x0000000087600000, 0x00000000d5e00000)
  object space 94208K, 35% used [0x0000000081a00000,0x0000000083a6a1d0,0x0000000087600000)
 Metaspace       used 58374K, capacity 61426K, committed 61528K, reserved 1101824K
  class space    used 8278K, capacity 8804K, committed 8832K, reserved 1048576K
GC Heap History (10 events):
Event: 64272.045 GC heap after
Heap after GC invocations=23 (full 3):
 PSYoungGen      total 598016K, used 1904K [0x00000000d5e00000, 0x00000000fe100000, 0x0000000100000000)
  eden space 595968K, 0% used [0x00000000d5e00000,0x00000000d5e00000,0x00000000fa400000)
  from space 2048K, 92% used [0x00000000fdf00000,0x00000000fe0dc270,0x00000000fe100000)
  to   space 15872K, 0% used [0x00000000fc200000,0x00000000fc200000,0x00000000fd180000)
 ParOldGen       total 94208K, used 33160K [0x0000000081a00000, 0x0000000087600000, 0x00000000d5e00000)
  object space 94208K, 35% used [0x0000000081a00000,0x0000000083a621d0,0x0000000087600000)
 Metaspace       used 58270K, capacity 61340K, committed 61528K, reserved 1101824K
  class space    used 8259K, capacity 8788K, committed 8832K, reserved 1048576K
}
Event: 74670.540 GC heap before
{Heap before GC invocations=24 (full 3):
 PSYoungGen      total 598016K, used 597872K [0x00000000d5e00000, 0x00000000fe100000, 0x0000000100000000)
  eden space 595968K, 100% used [0x00000000d5e00000,0x00000000fa400000,0x00000000fa400000)
  from space 2048K, 92% used [0x00000000fdf00000,0x00000000fe0dc270,0x00000000fe100000)
  to   space 15872K, 0% used [0x00000000fc200000,0x00000000fc200000,0x00000000fd180000)
 ParOldGen       total 94208K, used 33160K [0x0000000081a00000, 0x0000000087600000, 0x00000000d5e00000)
  object space 94208K, 35% used [0x0000000081a00000,0x0000000083a621d0,0x0000000087600000)
 Metaspace       used 58288K, capacity 61370K, committed 61528K, reserved 1101824K
  class space    used 8262K, capacity 8793K, committed 8832K, reserved 1048576K
Event: 74670.549 GC heap after
Heap after GC invocations=24 (full 3):
 PSYoungGen      total 571392K, used 2304K [0x00000000d5e00000, 0x00000000fdf80000, 0x0000000100000000)
  eden space 568832K, 0% used [0x00000000d5e00000,0x00000000d5e00000,0x00000000f8980000)
  from space 2560K, 90% used [0x00000000fc200000,0x00000000fc4402c0,0x00000000fc480000)
  to   space 15360K, 0% used [0x00000000fd080000,0x00000000fd080000,0x00000000fdf80000)
 ParOldGen       total 94208K, used 33168K [0x0000000081a00000, 0x0000000087600000, 0x00000000d5e00000)
  object space 94208K, 35% used [0x0000000081a00000,0x0000000083a641d0,0x0000000087600000)
 Metaspace       used 58288K, capacity 61370K, committed 61528K, reserved 1101824K
  class space    used 8262K, capacity 8793K, committed 8832K, reserved 1048576K
}
Event: 78696.842 GC heap before
{Heap before GC invocations=25 (full 3):
 PSYoungGen      total 571392K, used 571136K [0x00000000d5e00000, 0x00000000fdf80000, 0x0000000100000000)
  eden space 568832K, 100% used [0x00000000d5e00000,0x00000000f8980000,0x00000000f8980000)
  from space 2560K, 90% used [0x00000000fc200000,0x00000000fc4402c0,0x00000000fc480000)
  to   space 15360K, 0% used [0x00000000fd080000,0x00000000fd080000,0x00000000fdf80000)
 ParOldGen       total 94208K, used 33168K [0x0000000081a00000, 0x0000000087600000, 0x00000000d5e00000)
  object space 94208K, 35% used [0x0000000081a00000,0x0000000083a641d0,0x0000000087600000)
 Metaspace       used 58294K, capacity 61370K, committed 61528K, reserved 1101824K
  class space    used 8262K, capacity 8793K, committed 8832K, reserved 1048576K
Event: 78696.864 GC heap after
Heap after GC invocations=25 (full 3):
 PSYoungGen      total 545280K, used 1824K [0x00000000d5e00000, 0x00000000fd280000, 0x0000000100000000)
  eden space 543232K, 0% used [0x00000000d5e00000,0x00000000d5e00000,0x00000000f7080000)
  from space 2048K, 89% used [0x00000000fd080000,0x00000000fd248260,0x00000000fd280000)
  to   space 14848K, 0% used [0x00000000fb580000,0x00000000fb580000,0x00000000fc400000)
 ParOldGen       total 94208K, used 33176K [0x0000000081a00000, 0x0000000087600000, 0x00000000d5e00000)
  object space 94208K, 35% used [0x0000000081a00000,0x0000000083a661d0,0x0000000087600000)
 Metaspace       used 58294K, capacity 61370K, committed 61528K, reserved 1101824K
  class space    used 8262K, capacity 8793K, committed 8832K, reserved 1048576K
}
Event: 82464.831 GC heap before
{Heap before GC invocations=26 (full 3):
 PSYoungGen      total 545280K, used 545056K [0x00000000d5e00000, 0x00000000fd280000, 0x0000000100000000)
  eden space 543232K, 100% used [0x00000000d5e00000,0x00000000f7080000,0x00000000f7080000)
  from space 2048K, 89% used [0x00000000fd080000,0x00000000fd248260,0x00000000fd280000)
  to   space 14848K, 0% used [0x00000000fb580000,0x00000000fb580000,0x00000000fc400000)
 ParOldGen       total 94208K, used 33176K [0x0000000081a00000, 0x0000000087600000, 0x00000000d5e00000)
  object space 94208K, 35% used [0x0000000081a00000,0x0000000083a661d0,0x0000000087600000)
 Metaspace       used 58294K, capacity 61370K, committed 61528K, reserved 1101824K
  class space    used 8262K, capacity 8793K, committed 8832K, reserved 1048576K
Event: 82464.835 GC heap after
Heap after GC invocations=26 (full 3):
 PSYoungGen      total 521216K, used 1824K [0x00000000d5e00000, 0x00000000fd100000, 0x0000000100000000)
  eden space 519168K, 0% used [0x00000000d5e00000,0x00000000d5e00000,0x00000000f5900000)
  from space 2048K, 89% used [0x00000000fb580000,0x00000000fb748260,0x00000000fb780000)
  to   space 13824K, 0% used [0x00000000fc380000,0x00000000fc380000,0x00000000fd100000)
 ParOldGen       total 94208K, used 33184K [0x0000000081a00000, 0x0000000087600000, 0x00000000d5e00000)
  object space 94208K, 35% used [0x0000000081a00000,0x0000000083a681d0,0x0000000087600000)
 Metaspace       used 58294K, capacity 61370K, committed 61528K, reserved 1101824K
  class space    used 8262K, capacity 8793K, committed 8832K, reserved 1048576K
}
Event: 83955.275 GC heap before
{Heap before GC invocations=27 (full 3):
 PSYoungGen      total 521216K, used 232242K [0x00000000d5e00000, 0x00000000fd100000, 0x0000000100000000)
  eden space 519168K, 44% used [0x00000000d5e00000,0x00000000e3f047c8,0x00000000f5900000)
  from space 2048K, 89% used [0x00000000fb580000,0x00000000fb748260,0x00000000fb780000)
  to   space 13824K, 0% used [0x00000000fc380000,0x00000000fc380000,0x00000000fd100000)
 ParOldGen       total 94208K, used 33184K [0x0000000081a00000, 0x0000000087600000, 0x00000000d5e00000)
  object space 94208K, 35% used [0x0000000081a00000,0x0000000083a681d0,0x0000000087600000)
 Metaspace       used 58374K, capacity 61426K, committed 61528K, reserved 1101824K
  class space    used 8278K, capacity 8804K, committed 8832K, reserved 1048576K
Event: 83955.293 GC heap after
Heap after GC invocations=27 (full 3):
 PSYoungGen      total 520704K, used 1392K [0x00000000d5e00000, 0x00000000fc500000, 0x0000000100000000)
  eden space 519168K, 0% used [0x00000000d5e00000,0x00000000d5e00000,0x00000000f5900000)
  from space 1536K, 90% used [0x00000000fc380000,0x00000000fc4dc130,0x00000000fc500000)
  to   space 13312K, 0% used [0x00000000fab00000,0x00000000fab00000,0x00000000fb800000)
 ParOldGen       total 94208K, used 33192K [0x0000000081a00000, 0x0000000087600000, 0x00000000d5e00000)
  object space 94208K, 35% used [0x0000000081a00000,0x0000000083a6a1d0,0x0000000087600000)
 Metaspace       used 58374K, capacity 61426K, committed 61528K, reserved 1101824K
  class space    used 8278K, capacity 8804K, committed 8832K, reserved 1048576K
}
Event: 83955.293 GC heap before
{Heap before GC invocations=28 (full 4):
 PSYoungGen      total 520704K, used 1392K [0x00000000d5e00000, 0x00000000fc500000, 0x0000000100000000)
  eden space 519168K, 0% used [0x00000000d5e00000,0x00000000d5e00000,0x00000000f5900000)
  from space 1536K, 90% used [0x00000000fc380000,0x00000000fc4dc130,0x00000000fc500000)
  to   space 13312K, 0% used [0x00000000fab00000,0x00000000fab00000,0x00000000fb800000)
 ParOldGen       total 94208K, used 33192K [0x0000000081a00000, 0x0000000087600000, 0x00000000d5e00000)
  object space 94208K, 35% used [0x0000000081a00000,0x0000000083a6a1d0,0x0000000087600000)
 Metaspace       used 58374K, capacity 61426K, committed 61528K, reserved 1101824K
  class space    used 8278K, capacity 8804K, committed 8832K, reserved 1048576K

